e:\opensourcecode\easymule-verycd-src\easymule\src\debug\vc120.pdb
e:\opensourcecode\easymule-verycd-src\easymule\src\debug\vc120.idb
e:\opensourcecode\easymule-verycd-src\easymule\src\debug\emule_vs2008.pch
e:\opensourcecode\easymule-verycd-src\easymule\src\debug\stdafx.obj
e:\opensourcecode\easymule-verycd-src\easymule\src\debug\bufferedfileio1.obj
e:\opensourcecode\easymule-verycd-src\easymule\src\debug\byteio1.obj
e:\opensourcecode\easymule-verycd-src\easymule\src\debug\contact1.obj
e:\opensourcecode\easymule-verycd-src\easymule\src\debug\dataio1.obj
e:\opensourcecode\easymule-verycd-src\easymule\src\debug\entry1.obj
e:\opensourcecode\easymule-verycd-src\easymule\src\debug\fileio1.obj
e:\opensourcecode\easymule-verycd-src\easymule\src\debug\indexed1.obj
e:\opensourcecode\easymule-verycd-src\easymule\src\debug\ioexception1.obj
e:\opensourcecode\easymule-verycd-src\easymule\src\debug\kademlia1.obj
e:\opensourcecode\easymule-verycd-src\easymule\src\debug\kademliaudplistener1.obj
e:\opensourcecode\easymule-verycd-src\easymule\src\debug\littleendian1.obj
e:\opensourcecode\easymule-verycd-src\easymule\src\debug\miscutils1.obj
e:\opensourcecode\easymule-verycd-src\easymule\src\debug\upnpnatmapping.obj
e:\opensourcecode\easymule-verycd-src\easymule\src\debug\upnpnatmappingkey.obj
e:\opensourcecode\easymule-verycd-src\easymule\src\debug\updateinfo.obj
e:\opensourcecode\easymule-verycd-src\easymule\src\debug\updaterthread.obj
e:\opensourcecode\easymule-verycd-src\easymule\src\debug\uploadbandwidththrottler.obj
e:\opensourcecode\easymule-verycd-src\easymule\src\debug\uploadclient.obj
e:\opensourcecode\easymule-verycd-src\easymule\src\debug\uploadqueue.obj
e:\opensourcecode\easymule-verycd-src\easymule\src\debug\urlsite.obj
e:\opensourcecode\easymule-verycd-src\easymule\src\debug\version.obj
e:\opensourcecode\easymule-verycd-src\easymule\src\debug\websocket.obj
e:\opensourcecode\easymule-verycd-src\easymule\src\debug\zipfile.obj
e:\opensourcecode\easymule-verycd-src\easymule\src\debug\http_chunk.obj
e:\opensourcecode\easymule-verycd-src\easymule\src\debug\ini2.obj
e:\opensourcecode\easymule-verycd-src\easymule\src\debug\udpfirewalltester.obj
e:\opensourcecode\easymule-verycd-src\easymule\src\debug\packettracking.obj
e:\opensourcecode\easymule-verycd-src\easymule\src\debug\otherfunctions.obj
e:\opensourcecode\easymule-verycd-src\easymule\src\debug\packets.obj
e:\opensourcecode\easymule-verycd-src\easymule\src\debug\server.obj
e:\opensourcecode\easymule-verycd-src\easymule\src\debug\sockets.obj
e:\opensourcecode\easymule-verycd-src\easymule\src\debug\searchfile.obj
e:\opensourcecode\easymule-verycd-src\easymule\src\debug\searchlist.obj
e:\opensourcecode\easymule-verycd-src\easymule\src\debug\secrunasuser.obj
e:\opensourcecode\easymule-verycd-src\easymule\src\debug\security.obj
e:\opensourcecode\easymule-verycd-src\easymule\src\debug\seefilemanager.obj
e:\opensourcecode\easymule-verycd-src\easymule\src\debug\selftest.obj
e:\opensourcecode\easymule-verycd-src\easymule\src\debug\sendgeturlreqsocket.obj
e:\opensourcecode\easymule-verycd-src\easymule\src\debug\serversocket.obj
e:\opensourcecode\easymule-verycd-src\easymule\src\debug\shortcutmanager.obj
e:\opensourcecode\easymule-verycd-src\easymule\src\debug\sourceurl.obj
e:\opensourcecode\easymule-verycd-src\easymule\src\debug\statforserver.obj
e:\opensourcecode\easymule-verycd-src\easymule\src\debug\statisticfile.obj
e:\opensourcecode\easymule-verycd-src\easymule\src\debug\threadsmgr.obj
e:\opensourcecode\easymule-verycd-src\easymule\src\debug\timetick.obj
e:\opensourcecode\easymule-verycd-src\easymule\src\debug\traceevent.obj
e:\opensourcecode\easymule-verycd-src\easymule\src\debug\transfercompletedprocessor.obj
e:\opensourcecode\easymule-verycd-src\easymule\src\debug\udpsocket.obj
e:\opensourcecode\easymule-verycd-src\easymule\src\debug\upnpasynthreads.obj
e:\opensourcecode\easymule-verycd-src\easymule\src\debug\upnpnat.obj
e:\opensourcecode\easymule-verycd-src\easymule\src\debug\natthread.obj
e:\opensourcecode\easymule-verycd-src\easymule\src\debug\sourceexchangenat.obj
e:\opensourcecode\easymule-verycd-src\easymule\src\debug\traversebybuddy.obj
e:\opensourcecode\easymule-verycd-src\easymule\src\debug\traversebysourceexchange.obj
e:\opensourcecode\easymule-verycd-src\easymule\src\debug\traversebysvr.obj
e:\opensourcecode\easymule-verycd-src\easymule\src\debug\traversestrategy.obj
e:\opensourcecode\easymule-verycd-src\easymule\src\debug\partfile.obj
e:\opensourcecode\easymule-verycd-src\easymule\src\debug\partfileconvert.obj
e:\opensourcecode\easymule-verycd-src\easymule\src\debug\peercacheclient.obj
e:\opensourcecode\easymule-verycd-src\easymule\src\debug\peercachefinder.obj
e:\opensourcecode\easymule-verycd-src\easymule\src\debug\peerlog.obj
e:\opensourcecode\easymule-verycd-src\easymule\src\debug\playermgr.obj
e:\opensourcecode\easymule-verycd-src\easymule\src\debug\preferences.obj
e:\opensourcecode\easymule-verycd-src\easymule\src\debug\preview.obj
e:\opensourcecode\easymule-verycd-src\easymule\src\debug\quantize.obj
e:\opensourcecode\easymule-verycd-src\easymule\src\debug\rarfile.obj
e:\opensourcecode\easymule-verycd-src\easymule\src\debug\sha.obj
e:\opensourcecode\easymule-verycd-src\easymule\src\debug\shahashset.obj
e:\opensourcecode\easymule-verycd-src\easymule\src\debug\scheduler.obj
e:\opensourcecode\easymule-verycd-src\easymule\src\debug\emule.obj
e:\opensourcecode\easymule-verycd-src\easymule\src\debug\ircsocket.obj
e:\opensourcecode\easymule-verycd-src\easymule\src\debug\javascriptescape.obj
e:\opensourcecode\easymule-verycd-src\easymule\src\debug\knownfile.obj
e:\opensourcecode\easymule-verycd-src\easymule\src\debug\knownfilelist.obj
e:\opensourcecode\easymule-verycd-src\easymule\src\debug\listensocket.obj
e:\opensourcecode\easymule-verycd-src\easymule\src\debug\log.obj
e:\opensourcecode\easymule-verycd-src\easymule\src\debug\md4.obj
e:\opensourcecode\easymule-verycd-src\easymule\src\debug\md5sum.obj
e:\opensourcecode\easymule-verycd-src\easymule\src\debug\mmserver.obj
e:\opensourcecode\easymule-verycd-src\easymule\src\debug\mmsocket.obj
e:\opensourcecode\easymule-verycd-src\easymule\src\debug\mediainfo.obj
e:\opensourcecode\easymule-verycd-src\easymule\src\debug\mempool.obj
e:\opensourcecode\easymule-verycd-src\easymule\src\debug\mempoolmgr.obj
e:\opensourcecode\easymule-verycd-src\easymule\src\debug\messagelog.obj
e:\opensourcecode\easymule-verycd-src\easymule\src\debug\metalinkpacker.obj
e:\opensourcecode\easymule-verycd-src\easymule\src\debug\metalinkparser.obj
e:\opensourcecode\easymule-verycd-src\easymule\src\debug\metalinkquerysocket.obj
e:\opensourcecode\easymule-verycd-src\easymule\src\debug\metalinkexecutor.obj
e:\opensourcecode\easymule-verycd-src\easymule\src\debug\natsocket.obj
e:\opensourcecode\easymule-verycd-src\easymule\src\debug\encryptedstreamsocket.obj
e:\opensourcecode\easymule-verycd-src\easymule\src\debug\filemgr.obj
e:\opensourcecode\easymule-verycd-src\easymule\src\debug\filemgrdb.obj
e:\opensourcecode\easymule-verycd-src\easymule\src\debug\firewallopener.obj
e:\opensourcecode\easymule-verycd-src\easymule\src\debug\framegrabthread.obj
e:\opensourcecode\easymule-verycd-src\easymule\src\debug\friend.obj
e:\opensourcecode\easymule-verycd-src\easymule\src\debug\friendlist.obj
e:\opensourcecode\easymule-verycd-src\easymule\src\debug\ftpclient.obj
e:\opensourcecode\easymule-verycd-src\easymule\src\debug\ftpclientreqsocket.obj
e:\opensourcecode\easymule-verycd-src\easymule\src\debug\gzipfile.obj
e:\opensourcecode\easymule-verycd-src\easymule\src\debug\globalvariable.obj
e:\opensourcecode\easymule-verycd-src\easymule\src\debug\httpclient.obj
e:\opensourcecode\easymule-verycd-src\easymule\src\debug\httpclientreqsocket.obj
e:\opensourcecode\easymule-verycd-src\easymule\src\debug\i18n.obj
e:\opensourcecode\easymule-verycd-src\easymule\src\debug\iemonitor.obj
e:\opensourcecode\easymule-verycd-src\easymule\src\debug\inetclient.obj
e:\opensourcecode\easymule-verycd-src\easymule\src\debug\ip2country.obj
e:\opensourcecode\easymule-verycd-src\easymule\src\debug\ipfilter.obj
e:\opensourcecode\easymule-verycd-src\easymule\src\debug\internalsocket.obj
e:\opensourcecode\easymule-verycd-src\easymule\src\debug\ircmain.obj
e:\opensourcecode\easymule-verycd-src\easymule\src\debug\cbase64coding.obj
e:\opensourcecode\easymule-verycd-src\easymule\src\debug\clientcredits.obj
e:\opensourcecode\easymule-verycd-src\easymule\src\debug\clientlist.obj
e:\opensourcecode\easymule-verycd-src\easymule\src\debug\clientreqsocket.obj
e:\opensourcecode\easymule-verycd-src\easymule\src\debug\clientudpsocket.obj
e:\opensourcecode\easymule-verycd-src\easymule\src\debug\collection.obj
e:\opensourcecode\easymule-verycd-src\easymule\src\debug\collectionfile.obj
e:\opensourcecode\easymule-verycd-src\easymule\src\debug\corruptionblackbox.obj
e:\opensourcecode\easymule-verycd-src\easymule\src\debug\dlp.obj
e:\opensourcecode\easymule-verycd-src\easymule\src\debug\dnsmanager.obj
e:\opensourcecode\easymule-verycd-src\easymule\src\debug\database.obj
e:\opensourcecode\easymule-verycd-src\easymule\src\debug\deadsourcelist.obj
e:\opensourcecode\easymule-verycd-src\easymule\src\debug\downloadclient.obj
e:\opensourcecode\easymule-verycd-src\easymule\src\debug\downloadqueue.obj
e:\opensourcecode\easymule-verycd-src\easymule\src\debug\ed2klink.obj
e:\opensourcecode\easymule-verycd-src\easymule\src\debug\emclientreqsocket.obj
e:\opensourcecode\easymule-verycd-src\easymule\src\debug\emsocket.obj
e:\opensourcecode\easymule-verycd-src\easymule\src\debug\ed2kupdownclient.obj
e:\opensourcecode\easymule-verycd-src\easymule\src\debug\emuleupdater.obj
e:\opensourcecode\easymule-verycd-src\easymule\src\debug\encrypteddatagramsocket.obj
e:\opensourcecode\easymule-verycd-src\easymule\src\debug\treepropsheet.obj
e:\opensourcecode\easymule-verycd-src\easymule\src\debug\treepropsheetpgframe.obj
e:\opensourcecode\easymule-verycd-src\easymule\src\debug\uploading.obj
e:\opensourcecode\easymule-verycd-src\easymule\src\debug\usercomment.obj
e:\opensourcecode\easymule-verycd-src\easymule\src\debug\wbnotifyreceiver.obj
e:\opensourcecode\easymule-verycd-src\easymule\src\debug\webbrowserwnd.obj
e:\opensourcecode\easymule-verycd-src\easymule\src\debug\wizard.obj
e:\opensourcecode\easymule-verycd-src\easymule\src\debug\wndmgr.obj
e:\opensourcecode\easymule-verycd-src\easymule\src\debug\tabctrl.obj
e:\opensourcecode\easymule-verycd-src\easymule\src\debug\aichsyncthread.obj
e:\opensourcecode\easymule-verycd-src\easymule\src\debug\abstractfile.obj
e:\opensourcecode\easymule-verycd-src\easymule\src\debug\archiverecovery.obj
e:\opensourcecode\easymule-verycd-src\easymule\src\debug\asyncproxysocketlayer.obj
e:\opensourcecode\easymule-verycd-src\easymule\src\debug\asyncsocketex.obj
e:\opensourcecode\easymule-verycd-src\easymule\src\debug\asyncsocketexlayer.obj
e:\opensourcecode\easymule-verycd-src\easymule\src\debug\baseclient.obj
e:\opensourcecode\easymule-verycd-src\easymule\src\debug\bettersp2.obj
e:\opensourcecode\easymule-verycd-src\easymule\src\debug\statisticsdlg.obj
e:\opensourcecode\easymule-verycd-src\easymule\src\debug\statisticsinfo.obj
e:\opensourcecode\easymule-verycd-src\easymule\src\debug\statisticstree.obj
e:\opensourcecode\easymule-verycd-src\easymule\src\debug\taskbarnotifier.obj
e:\opensourcecode\easymule-verycd-src\easymule\src\debug\texttospeech.obj
e:\opensourcecode\easymule-verycd-src\easymule\src\debug\titlemenu.obj
e:\opensourcecode\easymule-verycd-src\easymule\src\debug\tooltipctrlx.obj
e:\opensourcecode\easymule-verycd-src\easymule\src\debug\browsertoolbarctrl.obj
e:\opensourcecode\easymule-verycd-src\easymule\src\debug\tbcadvance.obj
e:\opensourcecode\easymule-verycd-src\easymule\src\debug\tbcdownload.obj
e:\opensourcecode\easymule-verycd-src\easymule\src\debug\tbcshare.obj
e:\opensourcecode\easymule-verycd-src\easymule\src\debug\toolbarctrlx.obj
e:\opensourcecode\easymule-verycd-src\easymule\src\debug\toolbarctrlz.obj
e:\opensourcecode\easymule-verycd-src\easymule\src\debug\transferwnd.obj
e:\opensourcecode\easymule-verycd-src\easymule\src\debug\gradientstatic.obj
e:\opensourcecode\easymule-verycd-src\easymule\src\debug\mulesystraydlg.obj
e:\opensourcecode\easymule-verycd-src\easymule\src\debug\traydialog.obj
e:\opensourcecode\easymule-verycd-src\easymule\src\debug\traymenubtn.obj
e:\opensourcecode\easymule-verycd-src\easymule\src\debug\treeoptionsctrl.obj
e:\opensourcecode\easymule-verycd-src\easymule\src\debug\searchparamswnd.obj
e:\opensourcecode\easymule-verycd-src\easymule\src\debug\searchresultswnd.obj
e:\opensourcecode\easymule-verycd-src\easymule\src\debug\serverwnd.obj
e:\opensourcecode\easymule-verycd-src\easymule\src\debug\sharefileselect.obj
e:\opensourcecode\easymule-verycd-src\easymule\src\debug\sharefilescountstatic.obj
e:\opensourcecode\easymule-verycd-src\easymule\src\debug\shareddirstreectrl.obj
e:\opensourcecode\easymule-verycd-src\easymule\src\debug\sharedfileswnd.obj
e:\opensourcecode\easymule-verycd-src\easymule\src\debug\speedmeter.obj
e:\opensourcecode\easymule-verycd-src\easymule\src\debug\speedmeterdlg.obj
e:\opensourcecode\easymule-verycd-src\easymule\src\debug\splashscreen.obj
e:\opensourcecode\easymule-verycd-src\easymule\src\debug\splashwndthread.obj
e:\opensourcecode\easymule-verycd-src\easymule\src\debug\splittercontrol.obj
e:\opensourcecode\easymule-verycd-src\easymule\src\debug\splittercontrolex.obj
e:\opensourcecode\easymule-verycd-src\easymule\src\debug\pshtwiz1.obj
e:\opensourcecode\easymule-verycd-src\easymule\src\debug\pagetabbkdraw.obj
e:\opensourcecode\easymule-verycd-src\easymule\src\debug\perflog.obj
e:\opensourcecode\easymule-verycd-src\easymule\src\debug\popmule.obj
e:\opensourcecode\easymule-verycd-src\easymule\src\debug\preferencesdlg.obj
e:\opensourcecode\easymule-verycd-src\easymule\src\debug\previewdlg.obj
e:\opensourcecode\easymule-verycd-src\easymule\src\debug\progressctrlx.obj
e:\opensourcecode\easymule-verycd-src\easymule\src\debug\progressstatic.obj
e:\opensourcecode\easymule-verycd-src\easymule\src\debug\resetbutton.obj
e:\opensourcecode\easymule-verycd-src\easymule\src\debug\richeditctrlx.obj
e:\opensourcecode\easymule-verycd-src\easymule\src\debug\richeditstream.obj
e:\opensourcecode\easymule-verycd-src\easymule\src\debug\ircchannellistctrl.obj
e:\opensourcecode\easymule-verycd-src\easymule\src\debug\ircchanneltabctrl.obj
e:\opensourcecode\easymule-verycd-src\easymule\src\debug\ircnicklistctrl.obj
e:\opensourcecode\easymule-verycd-src\easymule\src\debug\ircwnd.obj
e:\opensourcecode\easymule-verycd-src\easymule\src\debug\scandlg.obj
e:\opensourcecode\easymule-verycd-src\easymule\src\debug\searchbarctrl.obj
e:\opensourcecode\easymule-verycd-src\easymule\src\debug\searchbutton.obj
e:\opensourcecode\easymule-verycd-src\easymule\src\debug\searchdlg.obj
e:\opensourcecode\easymule-verycd-src\easymule\src\debug\searchedit.obj
e:\opensourcecode\easymule-verycd-src\easymule\src\debug\metadatadlg.obj
e:\opensourcecode\easymule-verycd-src\easymule\src\debug\metericon.obj
e:\opensourcecode\easymule-verycd-src\easymule\src\debug\minimule.obj
e:\opensourcecode\easymule-verycd-src\easymule\src\debug\mulestatusbarctrl.obj
e:\opensourcecode\easymule-verycd-src\easymule\src\debug\networkinfodlg.obj
e:\opensourcecode\easymule-verycd-src\easymule\src\debug\numericedit.obj
e:\opensourcecode\easymule-verycd-src\easymule\src\debug\oscopectrl.obj
e:\opensourcecode\easymule-verycd-src\easymule\src\debug\ppgproxy.obj
e:\opensourcecode\easymule-verycd-src\easymule\src\debug\ppgantileech.obj
e:\opensourcecode\easymule-verycd-src\easymule\src\debug\ppgconnection.obj
e:\opensourcecode\easymule-verycd-src\easymule\src\debug\ppgdebug.obj
e:\opensourcecode\easymule-verycd-src\easymule\src\debug\ppgdirectories.obj
e:\opensourcecode\easymule-verycd-src\easymule\src\debug\ppgdisplay.obj
e:\opensourcecode\easymule-verycd-src\easymule\src\debug\ppgdownloadsecurity.obj
e:\opensourcecode\easymule-verycd-src\easymule\src\debug\ppgfiles.obj
e:\opensourcecode\easymule-verycd-src\easymule\src\debug\ppggeneral.obj
e:\opensourcecode\easymule-verycd-src\easymule\src\debug\ppgscheduler.obj
e:\opensourcecode\easymule-verycd-src\easymule\src\debug\ppgserver.obj
e:\opensourcecode\easymule-verycd-src\easymule\src\debug\ppgtweaks.obj
e:\opensourcecode\easymule-verycd-src\easymule\src\debug\ppgwebserver.obj
e:\opensourcecode\easymule-verycd-src\easymule\src\debug\collectionlistctrl.obj
e:\opensourcecode\easymule-verycd-src\easymule\src\debug\commentlistctrl.obj
e:\opensourcecode\easymule-verycd-src\easymule\src\debug\downloadclientsctrl.obj
e:\opensourcecode\easymule-verycd-src\easymule\src\debug\downloadlistctrl.obj
e:\opensourcecode\easymule-verycd-src\easymule\src\debug\downloadedlistctrl.obj
e:\opensourcecode\easymule-verycd-src\easymule\src\debug\friendlistctrl.obj
e:\opensourcecode\easymule-verycd-src\easymule\src\debug\kadcontactlistctrl.obj
e:\opensourcecode\easymule-verycd-src\easymule\src\debug\kadsearchlistctrl.obj
e:\opensourcecode\easymule-verycd-src\easymule\src\debug\loglistctrl.obj
e:\opensourcecode\easymule-verycd-src\easymule\src\debug\mulelistctrl.obj
e:\opensourcecode\easymule-verycd-src\easymule\src\debug\queuelistctrl.obj
e:\opensourcecode\easymule-verycd-src\easymule\src\debug\searchlistctrl.obj
e:\opensourcecode\easymule-verycd-src\easymule\src\debug\serverlistctrl.obj
e:\opensourcecode\easymule-verycd-src\easymule\src\debug\uploadlistctrl.obj
e:\opensourcecode\easymule-verycd-src\easymule\src\debug\localizemgr.obj
e:\opensourcecode\easymule-verycd-src\easymule\src\debug\localizee.obj
e:\opensourcecode\easymule-verycd-src\easymule\src\debug\maintabbkdraw.obj
e:\opensourcecode\easymule-verycd-src\easymule\src\debug\maintabwnd.obj
e:\opensourcecode\easymule-verycd-src\easymule\src\debug\menuxp.obj
e:\opensourcecode\easymule-verycd-src\easymule\src\debug\dlgaddtask.obj
e:\opensourcecode\easymule-verycd-src\easymule\src\debug\gdithread.obj
e:\opensourcecode\easymule-verycd-src\easymule\src\debug\htricheditctrl.obj
e:\opensourcecode\easymule-verycd-src\easymule\src\debug\htmlctrl.obj
e:\opensourcecode\easymule-verycd-src\easymule\src\debug\httpdownloaddlg.obj
e:\opensourcecode\easymule-verycd-src\easymule\src\debug\hypertextctrl.obj
e:\opensourcecode\easymule-verycd-src\easymule\src\debug\iemanagerwnd.obj
e:\opensourcecode\easymule-verycd-src\easymule\src\debug\iesecurity.obj
e:\opensourcecode\easymule-verycd-src\easymule\src\debug\ipfilterdlg.obj
e:\opensourcecode\easymule-verycd-src\easymule\src\debug\inputbox.obj
e:\opensourcecode\easymule-verycd-src\easymule\src\debug\kadcontacthistogramctrl.obj
e:\opensourcecode\easymule-verycd-src\easymule\src\debug\kademliawnd.obj
e:\opensourcecode\easymule-verycd-src\easymule\src\debug\layeredwindowhelperst.obj
e:\opensourcecode\easymule-verycd-src\easymule\src\debug\listboxst.obj
e:\opensourcecode\easymule-verycd-src\easymule\src\debug\listctrleditable.obj
e:\opensourcecode\easymule-verycd-src\easymule\src\debug\listctrlx.obj
e:\opensourcecode\easymule-verycd-src\easymule\src\debug\listviewsearchdlg.obj
e:\opensourcecode\easymule-verycd-src\easymule\src\debug\listviewwalkerpropertysheet.obj
e:\opensourcecode\easymule-verycd-src\easymule\src\debug\clientlistctrl.obj
e:\opensourcecode\easymule-verycd-src\easymule\src\debug\editx.obj
e:\opensourcecode\easymule-verycd-src\easymule\src\debug\enbitmap.obj
e:\opensourcecode\easymule-verycd-src\easymule\src\debug\facemanager.obj
e:\opensourcecode\easymule-verycd-src\easymule\src\debug\filedetaildialog.obj
e:\opensourcecode\easymule-verycd-src\easymule\src\debug\filedetaildialoginfo.obj
e:\opensourcecode\easymule-verycd-src\easymule\src\debug\filedetaildialogname.obj
e:\opensourcecode\easymule-verycd-src\easymule\src\debug\filehashkey.obj
e:\opensourcecode\easymule-verycd-src\easymule\src\debug\fileinfodialog.obj
e:\opensourcecode\easymule-verycd-src\easymule\src\debug\addtaskdoc.obj
e:\opensourcecode\easymule-verycd-src\easymule\src\debug\addtasklinksedit.obj
e:\opensourcecode\easymule-verycd-src\easymule\src\debug\addtasklistctrl.obj
e:\opensourcecode\easymule-verycd-src\easymule\src\debug\tabwnd.obj
e:\opensourcecode\easymule-verycd-src\easymule\src\debug\tabwnddef.obj
e:\opensourcecode\easymule-verycd-src\easymule\src\debug\tabwnd_cake.obj
e:\opensourcecode\easymule-verycd-src\easymule\src\debug\tooltipctrlz.obj
e:\opensourcecode\easymule-verycd-src\easymule\src\debug\customautocomplete.obj
e:\opensourcecode\easymule-verycd-src\easymule\src\debug\detailinfo.obj
e:\opensourcecode\easymule-verycd-src\easymule\src\debug\directdownloaddlg.obj
e:\opensourcecode\easymule-verycd-src\easymule\src\debug\directorytreectrl.obj
e:\opensourcecode\easymule-verycd-src\easymule\src\debug\dlgmaintabadvance.obj
e:\opensourcecode\easymule-verycd-src\easymule\src\debug\dlgmaintabresource.obj
e:\opensourcecode\easymule-verycd-src\easymule\src\debug\dlgmaintabshare.obj
e:\opensourcecode\easymule-verycd-src\easymule\src\debug\dlgmaintabsidepanel.obj
e:\opensourcecode\easymule-verycd-src\easymule\src\debug\dlgmaintabdownload.obj
e:\opensourcecode\easymule-verycd-src\easymule\src\debug\downloaddetaildlg.obj
e:\opensourcecode\easymule-verycd-src\easymule\src\debug\downloadtabctrl.obj
e:\opensourcecode\easymule-verycd-src\easymule\src\debug\dropdownbutton.obj
e:\opensourcecode\easymule-verycd-src\easymule\src\debug\droptarget.obj
e:\opensourcecode\easymule-verycd-src\easymule\src\debug\ed2klinkdlg.obj
e:\opensourcecode\easymule-verycd-src\easymule\src\debug\editdelayed.obj
e:\opensourcecode\easymule-verycd-src\easymule\src\debug\util.obj
e:\opensourcecode\easymule-verycd-src\easymule\src\debug\utilmisc.obj
e:\opensourcecode\easymule-verycd-src\easymule\src\debug\utilui.obj
e:\opensourcecode\easymule-verycd-src\easymule\src\debug\coolbarctrl.obj
e:\opensourcecode\easymule-verycd-src\easymule\src\debug\creditsdlg.obj
e:\opensourcecode\easymule-verycd-src\easymule\src\debug\creditsthread.obj
e:\opensourcecode\easymule-verycd-src\easymule\src\debug\joint.obj
e:\opensourcecode\easymule-verycd-src\easymule\src\debug\resizee.obj
e:\opensourcecode\easymule-verycd-src\easymule\src\debug\resizer.obj
e:\opensourcecode\easymule-verycd-src\easymule\src\debug\tabbar.obj
e:\opensourcecode\easymule-verycd-src\easymule\src\debug\tabitem.obj
e:\opensourcecode\easymule-verycd-src\easymule\src\debug\tabitemaffector.obj
e:\opensourcecode\easymule-verycd-src\easymule\src\debug\tabitem_cake.obj
e:\opensourcecode\easymule-verycd-src\easymule\src\debug\tabitem_mainbutton.obj
e:\opensourcecode\easymule-verycd-src\easymule\src\debug\tabitem_maintabbn.obj
e:\opensourcecode\easymule-verycd-src\easymule\src\debug\tabitem_normal.obj
e:\opensourcecode\easymule-verycd-src\easymule\src\debug\tabitem_normalcloseable.obj
e:\opensourcecode\easymule-verycd-src\easymule\src\debug\tabitem_webbrowser.obj
e:\opensourcecode\easymule-verycd-src\easymule\src\debug\tabitem_wnd.obj
e:\opensourcecode\easymule-verycd-src\easymule\src\debug\chatwnd.obj
e:\opensourcecode\easymule-verycd-src\easymule\src\debug\clientdetaildialog.obj
e:\opensourcecode\easymule-verycd-src\easymule\src\debug\closemodedlg.obj
e:\opensourcecode\easymule-verycd-src\easymule\src\debug\collectioncreatedialog.obj
e:\opensourcecode\easymule-verycd-src\easymule\src\debug\collectionviewdialog.obj
e:\opensourcecode\easymule-verycd-src\easymule\src\debug\colorbutton.obj
e:\opensourcecode\easymule-verycd-src\easymule\src\debug\colorframectrl.obj
e:\opensourcecode\easymule-verycd-src\easymule\src\debug\colourpopup.obj
e:\opensourcecode\easymule-verycd-src\easymule\src\debug\comboboxex2.obj
e:\opensourcecode\easymule-verycd-src\easymule\src\debug\cmdfuncs.obj
e:\opensourcecode\easymule-verycd-src\easymule\src\debug\cmdgotopage.obj
e:\opensourcecode\easymule-verycd-src\easymule\src\debug\cmdmaintabop.obj
e:\opensourcecode\easymule-verycd-src\easymule\src\debug\commentdialog.obj
e:\opensourcecode\easymule-verycd-src\easymule\src\debug\commentdialoglst.obj
e:\opensourcecode\easymule-verycd-src\easymule\src\debug\draw.obj
e:\opensourcecode\easymule-verycd-src\easymule\src\debug\publisher.obj
e:\opensourcecode\easymule-verycd-src\easymule\src\debug\rectdraw.obj
e:\opensourcecode\easymule-verycd-src\easymule\src\debug\singleinst.obj
e:\opensourcecode\easymule-verycd-src\easymule\src\debug\tools.obj
e:\opensourcecode\easymule-verycd-src\easymule\src\debug\hotkeyedit.obj
e:\opensourcecode\easymule-verycd-src\easymule\src\debug\3dpreviewcontrol.obj
e:\opensourcecode\easymule-verycd-src\easymule\src\debug\addfriend.obj
e:\opensourcecode\easymule-verycd-src\easymule\src\debug\addsourcedlg.obj
e:\opensourcecode\easymule-verycd-src\easymule\src\debug\advancetabwnd.obj
e:\opensourcecode\easymule-verycd-src\easymule\src\debug\affirmdeletedlg.obj
e:\opensourcecode\easymule-verycd-src\easymule\src\debug\archivepreviewdlg.obj
e:\opensourcecode\easymule-verycd-src\easymule\src\debug\barshader.obj
e:\opensourcecode\easymule-verycd-src\easymule\src\debug\browsertoolbarinfo.obj
e:\opensourcecode\easymule-verycd-src\easymule\src\debug\buffermoviedlg.obj
e:\opensourcecode\easymule-verycd-src\easymule\src\debug\cif.obj
e:\opensourcecode\easymule-verycd-src\easymule\src\debug\catdialog.obj
e:\opensourcecode\easymule-verycd-src\easymule\src\debug\chatselector.obj
e:\opensourcecode\easymule-verycd-src\easymule\src\debug\lastcommonroutefinder.obj
e:\opensourcecode\easymule-verycd-src\easymule\src\debug\pinger.obj
f:\mycode\easymule\src\debug\emule_vs2008.pch
f:\mycode\easymule\src\debug\vc120.pdb
f:\mycode\easymule\src\debug\vc120.idb
f:\mycode\easymule\src\debug\stdafx.obj
f:\mycode\easymule\src\debug\bufferedfileio1.obj
f:\mycode\easymule\src\debug\byteio1.obj
f:\mycode\easymule\src\debug\contact1.obj
f:\mycode\easymule\src\debug\dataio1.obj
f:\mycode\easymule\src\debug\entry1.obj
f:\mycode\easymule\src\debug\fileio1.obj
f:\mycode\easymule\src\debug\indexed1.obj
f:\mycode\easymule\src\debug\ioexception1.obj
f:\mycode\easymule\src\debug\kademlia1.obj
f:\mycode\easymule\src\debug\kademliaudplistener1.obj
f:\mycode\easymule\src\debug\littleendian1.obj
f:\mycode\easymule\src\debug\miscutils1.obj
f:\mycode\easymule\src\debug\downloadlistctrl.obj
f:\mycode\easymule\src\debug\friendlistctrl.obj
f:\mycode\easymule\src\debug\kadcontactlistctrl.obj
f:\mycode\easymule\src\debug\kadsearchlistctrl.obj
f:\mycode\easymule\src\debug\loglistctrl.obj
f:\mycode\easymule\src\debug\mulelistctrl.obj
f:\mycode\easymule\src\debug\queuelistctrl.obj
f:\mycode\easymule\src\debug\searchlistctrl.obj
f:\mycode\easymule\src\debug\serverlistctrl.obj
f:\mycode\easymule\src\debug\uploadlistctrl.obj
f:\mycode\easymule\src\debug\ircchannellistctrl.obj
f:\mycode\easymule\src\debug\ircchanneltabctrl.obj
f:\mycode\easymule\src\debug\ircnicklistctrl.obj
f:\mycode\easymule\src\debug\ircwnd.obj
f:\mycode\easymule\src\debug\gradientstatic.obj
f:\mycode\easymule\src\debug\mulesystraydlg.obj
f:\mycode\easymule\src\debug\traydialog.obj
f:\mycode\easymule\src\debug\traymenubtn.obj
f:\mycode\easymule\src\debug\hotkeyedit.obj
f:\mycode\easymule\src\debug\tabwnddef.obj
f:\mycode\easymule\src\debug\tooltipctrlz.obj
f:\mycode\easymule\src\debug\cmdfuncs.obj
f:\mycode\easymule\src\debug\cmdgotopage.obj
f:\mycode\easymule\src\debug\cmdmaintabop.obj
f:\mycode\easymule\src\debug\addtaskdoc.obj
f:\mycode\easymule\src\debug\addtasklinksedit.obj
f:\mycode\easymule\src\debug\addtasklistctrl.obj
f:\mycode\easymule\src\debug\dlgaddtask.obj
f:\mycode\easymule\src\debug\browsertoolbarctrl.obj
f:\mycode\easymule\src\debug\tbcadvance.obj
f:\mycode\easymule\src\debug\tbcdownload.obj
f:\mycode\easymule\src\debug\tbcshare.obj
f:\mycode\easymule\src\debug\toolbarctrlx.obj
f:\mycode\easymule\src\debug\toolbarctrlz.obj
f:\mycode\easymule\src\debug\clientlistctrl.obj
f:\mycode\easymule\src\debug\collectionlistctrl.obj
f:\mycode\easymule\src\debug\commentlistctrl.obj
f:\mycode\easymule\src\debug\downloadclientsctrl.obj
f:\mycode\easymule\src\debug\downloadedlistctrl.obj
f:\mycode\easymule\src\debug\singleinst.obj
f:\mycode\easymule\src\debug\tools.obj
f:\mycode\easymule\src\debug\util.obj
f:\mycode\easymule\src\debug\utilmisc.obj
f:\mycode\easymule\src\debug\utilui.obj
f:\mycode\easymule\src\debug\joint.obj
f:\mycode\easymule\src\debug\resizee.obj
f:\mycode\easymule\src\debug\resizer.obj
f:\mycode\easymule\src\debug\tabbar.obj
f:\mycode\easymule\src\debug\tabitem.obj
f:\mycode\easymule\src\debug\tabitem_cake.obj
f:\mycode\easymule\src\debug\tabitem_mainbutton.obj
f:\mycode\easymule\src\debug\tabitem_maintabbn.obj
f:\mycode\easymule\src\debug\tabitem_normal.obj
f:\mycode\easymule\src\debug\tabitem_normalcloseable.obj
f:\mycode\easymule\src\debug\tabitem_webbrowser.obj
f:\mycode\easymule\src\debug\tabitem_wnd.obj
f:\mycode\easymule\src\debug\tabitemaffector.obj
f:\mycode\easymule\src\debug\tabwnd.obj
f:\mycode\easymule\src\debug\tabwnd_cake.obj
f:\mycode\easymule\src\debug\taskbarnotifier.obj
f:\mycode\easymule\src\debug\texttospeech.obj
f:\mycode\easymule\src\debug\titlemenu.obj
f:\mycode\easymule\src\debug\tooltipctrlx.obj
f:\mycode\easymule\src\debug\transferwnd.obj
f:\mycode\easymule\src\debug\treeoptionsctrl.obj
f:\mycode\easymule\src\debug\treepropsheet.obj
f:\mycode\easymule\src\debug\treepropsheetpgframe.obj
f:\mycode\easymule\src\debug\uploading.obj
f:\mycode\easymule\src\debug\usercomment.obj
f:\mycode\easymule\src\debug\wbnotifyreceiver.obj
f:\mycode\easymule\src\debug\webbrowserwnd.obj
f:\mycode\easymule\src\debug\wizard.obj
f:\mycode\easymule\src\debug\wndmgr.obj
f:\mycode\easymule\src\debug\draw.obj
f:\mycode\easymule\src\debug\publisher.obj
f:\mycode\easymule\src\debug\rectdraw.obj
f:\mycode\easymule\src\debug\searchbutton.obj
f:\mycode\easymule\src\debug\searchdlg.obj
f:\mycode\easymule\src\debug\searchedit.obj
f:\mycode\easymule\src\debug\searchparamswnd.obj
f:\mycode\easymule\src\debug\searchresultswnd.obj
f:\mycode\easymule\src\debug\serverwnd.obj
f:\mycode\easymule\src\debug\shareddirstreectrl.obj
f:\mycode\easymule\src\debug\sharedfileswnd.obj
f:\mycode\easymule\src\debug\sharefilescountstatic.obj
f:\mycode\easymule\src\debug\sharefileselect.obj
f:\mycode\easymule\src\debug\speedmeter.obj
f:\mycode\easymule\src\debug\speedmeterdlg.obj
f:\mycode\easymule\src\debug\splashscreen.obj
f:\mycode\easymule\src\debug\splashwndthread.obj
f:\mycode\easymule\src\debug\splittercontrol.obj
f:\mycode\easymule\src\debug\splittercontrolex.obj
f:\mycode\easymule\src\debug\statisticsdlg.obj
f:\mycode\easymule\src\debug\statisticsinfo.obj
f:\mycode\easymule\src\debug\statisticstree.obj
f:\mycode\easymule\src\debug\tabctrl.obj
f:\mycode\easymule\src\debug\ppgdirectories.obj
f:\mycode\easymule\src\debug\ppgdisplay.obj
f:\mycode\easymule\src\debug\ppgdownloadsecurity.obj
f:\mycode\easymule\src\debug\ppgfiles.obj
f:\mycode\easymule\src\debug\ppggeneral.obj
f:\mycode\easymule\src\debug\ppgproxy.obj
f:\mycode\easymule\src\debug\ppgscheduler.obj
f:\mycode\easymule\src\debug\ppgserver.obj
f:\mycode\easymule\src\debug\ppgtweaks.obj
f:\mycode\easymule\src\debug\ppgwebserver.obj
f:\mycode\easymule\src\debug\preferencesdlg.obj
f:\mycode\easymule\src\debug\previewdlg.obj
f:\mycode\easymule\src\debug\progressctrlx.obj
f:\mycode\easymule\src\debug\progressstatic.obj
f:\mycode\easymule\src\debug\pshtwiz1.obj
f:\mycode\easymule\src\debug\resetbutton.obj
f:\mycode\easymule\src\debug\richeditctrlx.obj
f:\mycode\easymule\src\debug\richeditstream.obj
f:\mycode\easymule\src\debug\scandlg.obj
f:\mycode\easymule\src\debug\searchbarctrl.obj
f:\mycode\easymule\src\debug\listviewsearchdlg.obj
f:\mycode\easymule\src\debug\listviewwalkerpropertysheet.obj
f:\mycode\easymule\src\debug\localizee.obj
f:\mycode\easymule\src\debug\localizemgr.obj
f:\mycode\easymule\src\debug\maintabbkdraw.obj
f:\mycode\easymule\src\debug\maintabwnd.obj
f:\mycode\easymule\src\debug\menuxp.obj
f:\mycode\easymule\src\debug\metadatadlg.obj
f:\mycode\easymule\src\debug\metericon.obj
f:\mycode\easymule\src\debug\minimule.obj
f:\mycode\easymule\src\debug\mulestatusbarctrl.obj
f:\mycode\easymule\src\debug\networkinfodlg.obj
f:\mycode\easymule\src\debug\numericedit.obj
f:\mycode\easymule\src\debug\oscopectrl.obj
f:\mycode\easymule\src\debug\pagetabbkdraw.obj
f:\mycode\easymule\src\debug\perflog.obj
f:\mycode\easymule\src\debug\popmule.obj
f:\mycode\easymule\src\debug\ppgantileech.obj
f:\mycode\easymule\src\debug\ppgconnection.obj
f:\mycode\easymule\src\debug\ppgdebug.obj
f:\mycode\easymule\src\debug\filedetaildialoginfo.obj
f:\mycode\easymule\src\debug\filedetaildialogname.obj
f:\mycode\easymule\src\debug\filehashkey.obj
f:\mycode\easymule\src\debug\fileinfodialog.obj
f:\mycode\easymule\src\debug\gdithread.obj
f:\mycode\easymule\src\debug\htmlctrl.obj
f:\mycode\easymule\src\debug\htricheditctrl.obj
f:\mycode\easymule\src\debug\httpdownloaddlg.obj
f:\mycode\easymule\src\debug\hypertextctrl.obj
f:\mycode\easymule\src\debug\iemanagerwnd.obj
f:\mycode\easymule\src\debug\iesecurity.obj
f:\mycode\easymule\src\debug\inputbox.obj
f:\mycode\easymule\src\debug\ipfilterdlg.obj
f:\mycode\easymule\src\debug\kadcontacthistogramctrl.obj
f:\mycode\easymule\src\debug\kademliawnd.obj
f:\mycode\easymule\src\debug\layeredwindowhelperst.obj
f:\mycode\easymule\src\debug\listboxst.obj
f:\mycode\easymule\src\debug\listctrleditable.obj
f:\mycode\easymule\src\debug\listctrlx.obj
f:\mycode\easymule\src\debug\detailinfo.obj
f:\mycode\easymule\src\debug\directdownloaddlg.obj
f:\mycode\easymule\src\debug\directorytreectrl.obj
f:\mycode\easymule\src\debug\dlgmaintabadvance.obj
f:\mycode\easymule\src\debug\dlgmaintabdownload.obj
f:\mycode\easymule\src\debug\dlgmaintabresource.obj
f:\mycode\easymule\src\debug\dlgmaintabshare.obj
f:\mycode\easymule\src\debug\dlgmaintabsidepanel.obj
f:\mycode\easymule\src\debug\downloaddetaildlg.obj
f:\mycode\easymule\src\debug\downloadtabctrl.obj
f:\mycode\easymule\src\debug\dropdownbutton.obj
f:\mycode\easymule\src\debug\droptarget.obj
f:\mycode\easymule\src\debug\ed2klinkdlg.obj
f:\mycode\easymule\src\debug\editdelayed.obj
f:\mycode\easymule\src\debug\editx.obj
f:\mycode\easymule\src\debug\enbitmap.obj
f:\mycode\easymule\src\debug\facemanager.obj
f:\mycode\easymule\src\debug\filedetaildialog.obj
f:\mycode\easymule\src\debug\catdialog.obj
f:\mycode\easymule\src\debug\chatselector.obj
f:\mycode\easymule\src\debug\chatwnd.obj
f:\mycode\easymule\src\debug\cif.obj
f:\mycode\easymule\src\debug\clientdetaildialog.obj
f:\mycode\easymule\src\debug\closemodedlg.obj
f:\mycode\easymule\src\debug\collectioncreatedialog.obj
f:\mycode\easymule\src\debug\collectionviewdialog.obj
f:\mycode\easymule\src\debug\colorbutton.obj
f:\mycode\easymule\src\debug\colorframectrl.obj
f:\mycode\easymule\src\debug\colourpopup.obj
f:\mycode\easymule\src\debug\comboboxex2.obj
f:\mycode\easymule\src\debug\commentdialog.obj
f:\mycode\easymule\src\debug\commentdialoglst.obj
f:\mycode\easymule\src\debug\coolbarctrl.obj
f:\mycode\easymule\src\debug\creditsdlg.obj
f:\mycode\easymule\src\debug\creditsthread.obj
f:\mycode\easymule\src\debug\customautocomplete.obj
f:\mycode\easymule\src\debug\upnpnat.obj
f:\mycode\easymule\src\debug\upnpnatmapping.obj
f:\mycode\easymule\src\debug\upnpnatmappingkey.obj
f:\mycode\easymule\src\debug\internalsocket.obj
f:\mycode\easymule\src\debug\mempool.obj
f:\mycode\easymule\src\debug\mempoolmgr.obj
f:\mycode\easymule\src\debug\metalinkexecutor.obj
f:\mycode\easymule\src\debug\metalinkpacker.obj
f:\mycode\easymule\src\debug\metalinkparser.obj
f:\mycode\easymule\src\debug\metalinkquerysocket.obj
f:\mycode\easymule\src\debug\3dpreviewcontrol.obj
f:\mycode\easymule\src\debug\addfriend.obj
f:\mycode\easymule\src\debug\addsourcedlg.obj
f:\mycode\easymule\src\debug\advancetabwnd.obj
f:\mycode\easymule\src\debug\affirmdeletedlg.obj
f:\mycode\easymule\src\debug\archivepreviewdlg.obj
f:\mycode\easymule\src\debug\barshader.obj
f:\mycode\easymule\src\debug\browsertoolbarinfo.obj
f:\mycode\easymule\src\debug\buffermoviedlg.obj
f:\mycode\easymule\src\debug\version.obj
f:\mycode\easymule\src\debug\websocket.obj
f:\mycode\easymule\src\debug\zipfile.obj
f:\mycode\easymule\src\debug\natsocket.obj
f:\mycode\easymule\src\debug\natthread.obj
f:\mycode\easymule\src\debug\sourceexchangenat.obj
f:\mycode\easymule\src\debug\traversebybuddy.obj
f:\mycode\easymule\src\debug\traversebysourceexchange.obj
f:\mycode\easymule\src\debug\traversebysvr.obj
f:\mycode\easymule\src\debug\traversestrategy.obj
f:\mycode\easymule\src\debug\dnsmanager.obj
f:\mycode\easymule\src\debug\ftpclient.obj
f:\mycode\easymule\src\debug\ftpclientreqsocket.obj
f:\mycode\easymule\src\debug\httpclient.obj
f:\mycode\easymule\src\debug\httpclientreqsocket.obj
f:\mycode\easymule\src\debug\sendgeturlreqsocket.obj
f:\mycode\easymule\src\debug\sourceurl.obj
f:\mycode\easymule\src\debug\ircmain.obj
f:\mycode\easymule\src\debug\ircsocket.obj
f:\mycode\easymule\src\debug\upnpasynthreads.obj
f:\mycode\easymule\src\debug\selftest.obj
f:\mycode\easymule\src\debug\server.obj
f:\mycode\easymule\src\debug\serversocket.obj
f:\mycode\easymule\src\debug\sha.obj
f:\mycode\easymule\src\debug\shahashset.obj
f:\mycode\easymule\src\debug\shortcutmanager.obj
f:\mycode\easymule\src\debug\sockets.obj
f:\mycode\easymule\src\debug\statforserver.obj
f:\mycode\easymule\src\debug\statisticfile.obj
f:\mycode\easymule\src\debug\threadsmgr.obj
f:\mycode\easymule\src\debug\timetick.obj
f:\mycode\easymule\src\debug\traceevent.obj
f:\mycode\easymule\src\debug\transfercompletedprocessor.obj
f:\mycode\easymule\src\debug\udpsocket.obj
f:\mycode\easymule\src\debug\updateinfo.obj
f:\mycode\easymule\src\debug\updaterthread.obj
f:\mycode\easymule\src\debug\uploadbandwidththrottler.obj
f:\mycode\easymule\src\debug\uploadclient.obj
f:\mycode\easymule\src\debug\uploadqueue.obj
f:\mycode\easymule\src\debug\urlsite.obj
f:\mycode\easymule\src\debug\mmsocket.obj
f:\mycode\easymule\src\debug\otherfunctions.obj
f:\mycode\easymule\src\debug\packets.obj
f:\mycode\easymule\src\debug\partfile.obj
f:\mycode\easymule\src\debug\partfileconvert.obj
f:\mycode\easymule\src\debug\peercacheclient.obj
f:\mycode\easymule\src\debug\peercachefinder.obj
f:\mycode\easymule\src\debug\peerlog.obj
f:\mycode\easymule\src\debug\pinger.obj
f:\mycode\easymule\src\debug\playermgr.obj
f:\mycode\easymule\src\debug\preferences.obj
f:\mycode\easymule\src\debug\preview.obj
f:\mycode\easymule\src\debug\quantize.obj
f:\mycode\easymule\src\debug\rarfile.obj
f:\mycode\easymule\src\debug\scheduler.obj
f:\mycode\easymule\src\debug\searchfile.obj
f:\mycode\easymule\src\debug\searchlist.obj
f:\mycode\easymule\src\debug\secrunasuser.obj
f:\mycode\easymule\src\debug\security.obj
f:\mycode\easymule\src\debug\seefilemanager.obj
f:\mycode\easymule\src\debug\globalvariable.obj
f:\mycode\easymule\src\debug\gzipfile.obj
f:\mycode\easymule\src\debug\http_chunk.obj
f:\mycode\easymule\src\debug\i18n.obj
f:\mycode\easymule\src\debug\iemonitor.obj
f:\mycode\easymule\src\debug\inetclient.obj
f:\mycode\easymule\src\debug\ini2.obj
f:\mycode\easymule\src\debug\ip2country.obj
f:\mycode\easymule\src\debug\ipfilter.obj
f:\mycode\easymule\src\debug\javascriptescape.obj
f:\mycode\easymule\src\debug\knownfile.obj
f:\mycode\easymule\src\debug\knownfilelist.obj
f:\mycode\easymule\src\debug\lastcommonroutefinder.obj
f:\mycode\easymule\src\debug\listensocket.obj
f:\mycode\easymule\src\debug\log.obj
f:\mycode\easymule\src\debug\md4.obj
f:\mycode\easymule\src\debug\md5sum.obj
f:\mycode\easymule\src\debug\mediainfo.obj
f:\mycode\easymule\src\debug\messagelog.obj
f:\mycode\easymule\src\debug\mmserver.obj
f:\mycode\easymule\src\debug\emule.obj
f:\mycode\easymule\src\debug\udpfirewalltester.obj
f:\mycode\easymule\src\debug\packettracking.obj
f:\mycode\easymule\src\debug\encryptedstreamsocket.obj
f:\mycode\easymule\src\debug\filemgr.obj
f:\mycode\easymule\src\debug\filemgrdb.obj
f:\mycode\easymule\src\debug\firewallopener.obj
f:\mycode\easymule\src\debug\framegrabthread.obj
f:\mycode\easymule\src\debug\friend.obj
f:\mycode\easymule\src\debug\friendlist.obj
f:\mycode\easymule\src\debug\cbase64coding.obj
f:\mycode\easymule\src\debug\clientcredits.obj
f:\mycode\easymule\src\debug\clientlist.obj
f:\mycode\easymule\src\debug\clientreqsocket.obj
f:\mycode\easymule\src\debug\clientudpsocket.obj
f:\mycode\easymule\src\debug\collection.obj
f:\mycode\easymule\src\debug\collectionfile.obj
f:\mycode\easymule\src\debug\corruptionblackbox.obj
f:\mycode\easymule\src\debug\dlp.obj
f:\mycode\easymule\src\debug\database.obj
f:\mycode\easymule\src\debug\deadsourcelist.obj
f:\mycode\easymule\src\debug\downloadclient.obj
f:\mycode\easymule\src\debug\downloadqueue.obj
f:\mycode\easymule\src\debug\ed2klink.obj
f:\mycode\easymule\src\debug\emclientreqsocket.obj
f:\mycode\easymule\src\debug\emsocket.obj
f:\mycode\easymule\src\debug\ed2kupdownclient.obj
f:\mycode\easymule\src\debug\emuleupdater.obj
f:\mycode\easymule\src\debug\encrypteddatagramsocket.obj
f:\mycode\easymule\src\debug\aichsyncthread.obj
f:\mycode\easymule\src\debug\abstractfile.obj
f:\mycode\easymule\src\debug\archiverecovery.obj
f:\mycode\easymule\src\debug\asyncproxysocketlayer.obj
f:\mycode\easymule\src\debug\asyncsocketex.obj
f:\mycode\easymule\src\debug\asyncsocketexlayer.obj
f:\mycode\easymule\src\debug\baseclient.obj
f:\mycode\easymule\src\debug\bettersp2.obj
f:\mycode\easymule\src\debug\treepropsheetpgframedef.obj
f:\mycode\easymule\src\debug\visualstylesxp.obj
f:\mycode\easymule\src\debug\emuledlg.obj
f:\mycode\easymule\src\debug\treeoptionsctrlex.obj
f:\mycode\easymule\src\debug\sharedfilesctrl.obj
f:\mycode\easymule\src\debug\iconstatic.obj
f:\mycode\easymule\src\debug\createcheckboximagelist.obj
f:\mycode\easymule\src\debug\closabletabctrl.obj
e:\opensourcecode\easymule-verycd-src\easymule\src\debug\md4_asm.obj
e:\opensourcecode\easymule-verycd-src\easymule\src\debug\sha_asm.obj
f:\mycode\easymule\src\debug\md4_asm.obj
f:\mycode\easymule\src\debug\sha_asm.obj
